CleverTap SDK Assesment/Temp/gradleOut/launcher/build/intermediates/manifest_merge_blame_file/debug/manifest-merger-blame-debug-report.txt
1<?xml version="1.0" encoding="utf-8"?>
2<!-- GENERATED BY UNITY. REMOVE THIS COMMENT TO PREVENT OVERWRITING WHEN EXPORTING AGAIN -->
3<manifest xmlns:android="http://schemas.android.com/apk/res/android"
4    package="com.DefaultCompany.CleverTapSDKAssesment"
5    android:installLocation="preferExternal"
6    android:versionCode="1"
7    android:versionName="0.1" >
8
9    <uses-sdk
10        android:minSdkVersion="19"
10-->src\main\AndroidManifest.xml
11        android:targetSdkVersion="33" />
11-->src\main\AndroidManifest.xml
12
13    <supports-screens
13-->src\main\AndroidManifest.xml:4:3-163
14        android:anyDensity="true"
14-->src\main\AndroidManifest.xml:4:135-160
15        android:largeScreens="true"
15-->src\main\AndroidManifest.xml:4:78-105
16        android:normalScreens="true"
16-->src\main\AndroidManifest.xml:4:49-77
17        android:smallScreens="true"
17-->src\main\AndroidManifest.xml:4:21-48
18        android:xlargeScreens="true" />
18-->src\main\AndroidManifest.xml:4:106-134
19
20    <uses-feature android:glEsVersion="0x00030000" />
20-->[:unityLibrary] AndroidManifest.xml:13:5-54
20-->[:unityLibrary] AndroidManifest.xml:13:19-51
21    <uses-feature
21-->[:unityLibrary] AndroidManifest.xml:14:5-16:36
22        android:name="android.hardware.vulkan.version"
22-->[:unityLibrary] AndroidManifest.xml:15:9-55
23        android:required="false" />
23-->[:unityLibrary] AndroidManifest.xml:16:9-33
24
25    <uses-permission android:name="android.permission.INTERNET" />
25-->[:unityLibrary] AndroidManifest.xml:18:5-67
25-->[:unityLibrary] AndroidManifest.xml:18:22-64
26    <uses-permission android:name="android.permission.ACCESS_FINE_LOCATION" />
26-->[:unityLibrary] AndroidManifest.xml:19:5-79
26-->[:unityLibrary] AndroidManifest.xml:19:22-76
27
28    <uses-feature
28-->[:unityLibrary] AndroidManifest.xml:21:5-23:36
29        android:name="android.hardware.location.gps"
29-->[:unityLibrary] AndroidManifest.xml:22:9-53
30        android:required="false" />
30-->[:unityLibrary] AndroidManifest.xml:23:9-33
31    <uses-feature
31-->[:unityLibrary] AndroidManifest.xml:24:5-26:36
32        android:name="android.hardware.location"
32-->[:unityLibrary] AndroidManifest.xml:25:9-49
33        android:required="false" />
33-->[:unityLibrary] AndroidManifest.xml:26:9-33
34    <uses-feature
34-->[:unityLibrary] AndroidManifest.xml:27:5-29:36
35        android:name="android.hardware.touchscreen"
35-->[:unityLibrary] AndroidManifest.xml:28:9-52
36        android:required="false" />
36-->[:unityLibrary] AndroidManifest.xml:29:9-33
37    <uses-feature
37-->[:unityLibrary] AndroidManifest.xml:30:5-32:36
38        android:name="android.hardware.touchscreen.multitouch"
38-->[:unityLibrary] AndroidManifest.xml:31:9-63
39        android:required="false" />
39-->[:unityLibrary] AndroidManifest.xml:32:9-33
40    <uses-feature
40-->[:unityLibrary] AndroidManifest.xml:33:5-35:36
41        android:name="android.hardware.touchscreen.multitouch.distinct"
41-->[:unityLibrary] AndroidManifest.xml:34:9-72
42        android:required="false" />
42-->[:unityLibrary] AndroidManifest.xml:35:9-33
43
44    <application
44-->src\main\AndroidManifest.xml:5:3-116
45        android:debuggable="true"
46        android:extractNativeLibs="true"
46-->src\main\AndroidManifest.xml:5:16-48
47        android:icon="@mipmap/app_icon"
47-->src\main\AndroidManifest.xml:5:82-113
48        android:label="@string/app_name" >
48-->src\main\AndroidManifest.xml:5:49-81
49        <activity
49-->[:unityLibrary] AndroidManifest.xml:38:9-59:20
50            android:name="com.unity3d.player.UnityPlayerActivity"
50-->[:unityLibrary] AndroidManifest.xml:39:13-66
51            android:configChanges="mcc|mnc|locale|touchscreen|keyboard|keyboardHidden|navigation|orientation|screenLayout|uiMode|screenSize|smallestScreenSize|fontScale|layoutDirection|density"
51-->[:unityLibrary] AndroidManifest.xml:40:13-194
52            android:exported="true"
52-->[:unityLibrary] AndroidManifest.xml:41:13-36
53            android:hardwareAccelerated="false"
53-->[:unityLibrary] AndroidManifest.xml:42:13-48
54            android:launchMode="singleTask"
54-->[:unityLibrary] AndroidManifest.xml:43:13-44
55            android:resizeableActivity="false"
55-->[:unityLibrary] AndroidManifest.xml:44:13-47
56            android:screenOrientation="fullSensor"
56-->[:unityLibrary] AndroidManifest.xml:45:13-51
57            android:theme="@style/UnityThemeSelector" >
57-->[:unityLibrary] AndroidManifest.xml:46:13-54
58            <intent-filter>
58-->[:unityLibrary] AndroidManifest.xml:47:13-51:29
59                <action android:name="android.intent.action.MAIN" />
59-->[:unityLibrary] AndroidManifest.xml:48:17-69
59-->[:unityLibrary] AndroidManifest.xml:48:25-66
60
61                <category android:name="android.intent.category.LAUNCHER" />
61-->[:unityLibrary] AndroidManifest.xml:50:17-77
61-->[:unityLibrary] AndroidManifest.xml:50:27-74
62            </intent-filter>
63
64            <meta-data
64-->[:unityLibrary] AndroidManifest.xml:53:13-55:40
65                android:name="unityplayer.UnityActivity"
65-->[:unityLibrary] AndroidManifest.xml:54:17-57
66                android:value="true" />
66-->[:unityLibrary] AndroidManifest.xml:55:17-37
67            <meta-data
67-->[:unityLibrary] AndroidManifest.xml:56:13-58:40
68                android:name="android.notch_support"
68-->[:unityLibrary] AndroidManifest.xml:57:17-53
69                android:value="true" />
69-->[:unityLibrary] AndroidManifest.xml:58:17-37
70        </activity>
71
72        <meta-data
72-->[:unityLibrary] AndroidManifest.xml:61:9-63:33
73            android:name="unity.splash-mode"
73-->[:unityLibrary] AndroidManifest.xml:62:13-45
74            android:value="0" />
74-->[:unityLibrary] AndroidManifest.xml:63:13-30
75        <meta-data
75-->[:unityLibrary] AndroidManifest.xml:64:9-66:36
76            android:name="unity.splash-enable"
76-->[:unityLibrary] AndroidManifest.xml:65:13-47
77            android:value="True" />
77-->[:unityLibrary] AndroidManifest.xml:66:13-33
78        <meta-data
78-->[:unityLibrary] AndroidManifest.xml:67:9-69:37
79            android:name="unity.allow-resizable-window"
79-->[:unityLibrary] AndroidManifest.xml:68:13-56
80            android:value="False" />
80-->[:unityLibrary] AndroidManifest.xml:69:13-34
81        <meta-data
81-->[:unityLibrary] AndroidManifest.xml:70:9-72:50
82            android:name="notch.config"
82-->[:unityLibrary] AndroidManifest.xml:71:13-40
83            android:value="portrait|landscape" />
83-->[:unityLibrary] AndroidManifest.xml:72:13-47
84        <meta-data
84-->[:unityLibrary] AndroidManifest.xml:73:9-75:68
85            android:name="unity.build-id"
85-->[:unityLibrary] AndroidManifest.xml:74:13-42
86            android:value="13a3577e-ba4d-4b14-a50f-f6be18eb3171" />
86-->[:unityLibrary] AndroidManifest.xml:75:13-65
87    </application>
88
89</manifest>